<?xml version="1.0" encoding="UTF-8"?>
<testng-results ignored="0" total="4" passed="4" failed="0" skipped="0">
  <reporter-output>
  </reporter-output>
  <suite started-at="2025-01-22T21:21:39 IST" name="Suite" finished-at="2025-01-22T21:24:00 IST" duration-ms="140539">
    <groups>
      <group name="regressionTest">
        <method signature="CreateContactTest.createContactWithOrg()[pri:0, instance:com.comcast.crm.contactTest.CreateContactTest@72bc6553]" name="createContactWithOrg" class="com.comcast.crm.contactTest.CreateContactTest"/>
        <method signature="CreateContactTestngtest.CreateOrgwithIndustry()[pri:0, instance:com.comcast.crm.orgTest.CreateContactTestngtest@65987993]" name="CreateOrgwithIndustry" class="com.comcast.crm.orgTest.CreateContactTestngtest"/>
      </group> <!-- regressionTest -->
      <group name="smokeTest">
        <method signature="CreateContactTest.createConTest()[pri:0, instance:com.comcast.crm.contactTest.CreateContactTest@72bc6553]" name="createConTest" class="com.comcast.crm.contactTest.CreateContactTest"/>
        <method signature="CreateContactTestngtest.createOrgTest()[pri:0, instance:com.comcast.crm.orgTest.CreateContactTestngtest@65987993]" name="createOrgTest" class="com.comcast.crm.orgTest.CreateContactTestngtest"/>
      </group> <!-- smokeTest -->
    </groups>
    <test started-at="2025-01-22T21:21:39 IST" name="Test" finished-at="2025-01-22T21:24:00 IST" duration-ms="140539">
      <class name="com.comcast.crm.contactTest.CreateContactTest">
        <test-method is-config="true" signature="configBS()[pri:0, instance:com.comcast.crm.contactTest.CreateContactTest@72bc6553]" started-at="2025-01-22T21:21:39 IST" name="configBS" finished-at="2025-01-22T21:21:39 IST" duration-ms="678" status="PASS">
          <reporter-output>
          </reporter-output>
        </test-method> <!-- configBS -->
        <test-method is-config="true" signature="configBC()[pri:0, instance:com.comcast.crm.contactTest.CreateContactTest@72bc6553]" started-at="2025-01-22T21:21:39 IST" name="configBC" finished-at="2025-01-22T21:21:54 IST" duration-ms="14780" status="PASS">
          <reporter-output>
          </reporter-output>
        </test-method> <!-- configBC -->
        <test-method is-config="true" signature="configBM()[pri:0, instance:com.comcast.crm.contactTest.CreateContactTest@72bc6553]" started-at="2025-01-22T21:21:54 IST" name="configBM" finished-at="2025-01-22T21:22:23 IST" duration-ms="28269" status="PASS">
          <reporter-output>
          </reporter-output>
        </test-method> <!-- configBM -->
        <test-method signature="createConTest()[pri:0, instance:com.comcast.crm.contactTest.CreateContactTest@72bc6553]" started-at="2025-01-22T21:22:23 IST" name="createConTest" finished-at="2025-01-22T21:22:56 IST" duration-ms="33741" status="PASS">
          <reporter-output>
          </reporter-output>
        </test-method> <!-- createConTest -->
        <test-method is-config="true" signature="configAm()[pri:0, instance:com.comcast.crm.contactTest.CreateContactTest@72bc6553]" started-at="2025-01-22T21:22:56 IST" name="configAm" finished-at="2025-01-22T21:22:59 IST" duration-ms="3094" status="PASS">
          <reporter-output>
          </reporter-output>
        </test-method> <!-- configAm -->
        <test-method is-config="true" signature="configBM()[pri:0, instance:com.comcast.crm.contactTest.CreateContactTest@72bc6553]" started-at="2025-01-22T21:22:59 IST" name="configBM" finished-at="2025-01-22T21:23:03 IST" duration-ms="3421" status="PASS">
          <reporter-output>
          </reporter-output>
        </test-method> <!-- configBM -->
        <test-method signature="createContactWithOrg()[pri:0, instance:com.comcast.crm.contactTest.CreateContactTest@72bc6553]" started-at="2025-01-22T21:23:03 IST" name="createContactWithOrg" finished-at="2025-01-22T21:23:24 IST" duration-ms="21590" status="PASS">
          <reporter-output>
          </reporter-output>
        </test-method> <!-- createContactWithOrg -->
        <test-method is-config="true" signature="configAm()[pri:0, instance:com.comcast.crm.contactTest.CreateContactTest@72bc6553]" started-at="2025-01-22T21:23:24 IST" name="configAm" finished-at="2025-01-22T21:23:26 IST" duration-ms="1736" status="PASS">
          <reporter-output>
          </reporter-output>
        </test-method> <!-- configAm -->
        <test-method is-config="true" signature="configAC()[pri:0, instance:com.comcast.crm.contactTest.CreateContactTest@72bc6553]" started-at="2025-01-22T21:23:26 IST" name="configAC" finished-at="2025-01-22T21:23:27 IST" duration-ms="418" status="PASS">
          <reporter-output>
          </reporter-output>
        </test-method> <!-- configAC -->
        <test-method is-config="true" signature="configAS()[pri:0, instance:com.comcast.crm.contactTest.CreateContactTest@72bc6553]" started-at="2025-01-22T21:24:01 IST" name="configAS" finished-at="2025-01-22T21:24:01 IST" duration-ms="16" status="PASS">
          <reporter-output>
          </reporter-output>
        </test-method> <!-- configAS -->
      </class> <!-- com.comcast.crm.contactTest.CreateContactTest -->
      <class name="com.comcast.crm.orgTest.CreateContactTestngtest">
        <test-method is-config="true" signature="configBC()[pri:0, instance:com.comcast.crm.orgTest.CreateContactTestngtest@65987993]" started-at="2025-01-22T21:23:27 IST" name="configBC" finished-at="2025-01-22T21:23:28 IST" duration-ms="1267" status="PASS">
          <reporter-output>
          </reporter-output>
        </test-method> <!-- configBC -->
        <test-method is-config="true" signature="configBM()[pri:0, instance:com.comcast.crm.orgTest.CreateContactTestngtest@65987993]" started-at="2025-01-22T21:23:28 IST" name="configBM" finished-at="2025-01-22T21:23:32 IST" duration-ms="4164" status="PASS">
          <reporter-output>
          </reporter-output>
        </test-method> <!-- configBM -->
        <test-method signature="CreateOrgwithIndustry()[pri:0, instance:com.comcast.crm.orgTest.CreateContactTestngtest@65987993]" started-at="2025-01-22T21:23:32 IST" name="CreateOrgwithIndustry" finished-at="2025-01-22T21:23:42 IST" duration-ms="10444" status="PASS">
          <reporter-output>
          </reporter-output>
        </test-method> <!-- CreateOrgwithIndustry -->
        <test-method is-config="true" signature="configAm()[pri:0, instance:com.comcast.crm.orgTest.CreateContactTestngtest@65987993]" started-at="2025-01-22T21:23:42 IST" name="configAm" finished-at="2025-01-22T21:23:44 IST" duration-ms="1870" status="PASS">
          <reporter-output>
          </reporter-output>
        </test-method> <!-- configAm -->
        <test-method is-config="true" signature="configBM()[pri:0, instance:com.comcast.crm.orgTest.CreateContactTestngtest@65987993]" started-at="2025-01-22T21:23:44 IST" name="configBM" finished-at="2025-01-22T21:23:47 IST" duration-ms="3171" status="PASS">
          <reporter-output>
          </reporter-output>
        </test-method> <!-- configBM -->
        <test-method signature="createOrgTest()[pri:0, instance:com.comcast.crm.orgTest.CreateContactTestngtest@65987993]" started-at="2025-01-22T21:23:47 IST" name="createOrgTest" finished-at="2025-01-22T21:23:58 IST" duration-ms="10464" status="PASS">
          <reporter-output>
          </reporter-output>
        </test-method> <!-- createOrgTest -->
        <test-method is-config="true" signature="configAm()[pri:0, instance:com.comcast.crm.orgTest.CreateContactTestngtest@65987993]" started-at="2025-01-22T21:23:58 IST" name="configAm" finished-at="2025-01-22T21:24:00 IST" duration-ms="1680" status="PASS">
          <reporter-output>
          </reporter-output>
        </test-method> <!-- configAm -->
        <test-method is-config="true" signature="configAC()[pri:0, instance:com.comcast.crm.orgTest.CreateContactTestngtest@65987993]" started-at="2025-01-22T21:24:00 IST" name="configAC" finished-at="2025-01-22T21:24:00 IST" duration-ms="360" status="PASS">
          <reporter-output>
          </reporter-output>
        </test-method> <!-- configAC -->
      </class> <!-- com.comcast.crm.orgTest.CreateContactTestngtest -->
    </test> <!-- Test -->
  </suite> <!-- Suite -->
</testng-results>
